生成启动时间为 2019/5/20 21:57:23。
     1>项目“C:\Users\hawk\Documents\Visual Studio 2012\Projects\intubation_master\intubation_master\intubation_master.vcxproj”在节点 2 上(Build 个目标)。
     1>ClCompile:
         C:\Program Files (x86)\Microsoft Visual Studio 11.0\VC\bin\CL.exe /c /IE:\opencv2.4.12\opencv\build\x86\vc12\..\..\include /Zi /nologo /W3 /WX- /sdl /O2 /Oi /Oy- /GL /D WIN32 /D _WINDOWS /D NDEBUG /D _UNICODE /D UNICODE /D _AFXDLL /Gm- /EHsc /MD /GS /Gy /fp:precise /Zc:wchar_t /Zc:forScope /Yu"stdafx.h" /Fp"Release\intubation_master.pch" /Fo"Release\\" /Fd"Release\vc110.pdb" /Gd /TP /analyze- /errorReport:prompt intubation_masterDlg.cpp
         intubation_masterDlg.cpp
     1>intubation_masterDlg.cpp(401): warning C4305: “=”: 从“int”到“BYTE”截断
     1>intubation_masterDlg.cpp(401): warning C4309: “=”: 截断常量值
     1>intubation_masterDlg.cpp(563): warning C4101: “length_send”: 未引用的局部变量
     1>intubation_masterDlg.cpp(562): warning C4101: “ret”: 未引用的局部变量
       Link:
         C:\Program Files (x86)\Microsoft Visual Studio 11.0\VC\bin\link.exe /ERRORREPORT:PROMPT /OUT:"C:\Users\hawk\Documents\Visual Studio 2012\Projects\intubation_master\Release\intubation_master.exe" /INCREMENTAL:NO /NOLOGO /LIBPATH:E:\opencv2.4.12\opencv\build\x86\vc12\lib /LIBPATH:E:\opencv2.4.12\opencv\build\x86\vc12\lib opencv_calib3d2412d.lib opencv_contrib2412d.lib opencv_core2412d.lib opencv_features2d2412d.lib opencv_flann2412d.lib opencv_calib3d2412.lib opencv_contrib2412.lib opencv_core2412.lib opencv_features2d2412.lib opencv_flann2412.lib opencv_gpu2412.lib opencv_highgui2412.lib opencv_imgproc2412.lib opencv_legacy2412d.lib opencv_ml2412.lib opencv_nonfree2412.lib opencv_objdetect2412.lib opencv_ocl2412.lib opencv_photo2412.lib opencv_stitching2412.lib opencv_superres2412.lib opencv_ts2412.lib opencv_video2412.lib opencv_videostab2412.lib opencv_gpu2412d.lib opencv_highgui2412d.lib opencv_imgproc2412d.lib opencv_ml2412d.lib opencv_nonfree2412d.lib opencv_objdetect2412d.lib opencv_ocl2412d.lib opencv_photo2412d.lib opencv_stitching2412d.lib opencv_superres2412d.lib opencv_ts2412d.lib opencv_video2412d.lib opencv_videostab2412d.lib /MANIFEST /MANIFESTUAC:"level='asInvoker' uiAccess='false'" /manifest:embed /manifestinput:"C:\Program Files (x86)\Microsoft Visual Studio 11.0\VC\Include\Manifest\dpiaware.manifest" /DEBUG /PDB:"C:\Users\hawk\Documents\Visual Studio 2012\Projects\intubation_master\Release\intubation_master.pdb" /SUBSYSTEM:WINDOWS /OPT:REF /OPT:ICF /LTCG /TLBID:1 /ENTRY:"wWinMainCRTStartup" /DYNAMICBASE /NXCOMPAT /IMPLIB:"C:\Users\hawk\Documents\Visual Studio 2012\Projects\intubation_master\Release\intubation_master.lib" /MACHINE:X86 /SAFESEH Release\intubation_master.res
         Release\intubation_master.obj
         Release\intubation_masterDlg.obj
         Release\stdafx.obj
         正在生成代码
     1>c:\users\hawk\documents\visual studio 2012\projects\intubation_master\intubation_master\intubation_masterdlg.cpp(556): warning C4715: “recieveMat”: 不是所有的控件路径都返回值
         已完成代码的生成
         intubation_master.vcxproj -> C:\Users\hawk\Documents\Visual Studio 2012\Projects\intubation_master\Release\intubation_master.exe
     1>已完成生成项目“C:\Users\hawk\Documents\Visual Studio 2012\Projects\intubation_master\intubation_master\intubation_master.vcxproj”(Build 个目标)的操作。

生成成功。

已用时间 00:00:08.72
